Base path: /Applications/Unity/Unity.app/Contents
Pipe name: \\.\pipe\UnityShaderCompiler-1--1606045228
Cmd: getPlatforms
Cmd: preprocess
  insize=984 outsize=438 ok=1
Cmd: compileSnippet
  api=0 type=0 insize=848 outsize=428 kw= ok=1
Cmd: compileSnippet
  api=0 type=1 insize=848 outsize=224 kw= ok=1
Cmd: preprocess
  insize=2281 outsize=1209 ok=1
Cmd: compileSnippet
  api=0 type=0 insize=1317 outsize=766 kw= ok=1
Cmd: compileSnippet
  api=0 type=1 insize=1317 outsize=518 kw= ok=1
Cmd: compileSnippet
  api=0 type=0 insize=1014 outsize=766 kw= ok=1
Cmd: preprocess
  insize=1734 outsize=683 ok=1
Cmd: compileSnippet
  api=0 type=0 insize=1353 outsize=762 kw= ok=1
Cmd: compileSnippet
  api=0 type=1 insize=1353 outsize=442 kw= ok=1
